<?xml version="1.0" encoding="UTF-8"?>
<!-- Generated by org.testng.reporters.JUnitReportReporter -->
<testsuite hostname="Supriya" failures="0" tests="1" name="CreateOrgTest.ReadOrgTest" time="0.023" errors="0" timestamp="2022-03-14T16:24:29 IST" skipped="0">
  <testcase classname="CreateOrgTest.ReadOrgTest" name="readData" time="0.023"/>
  <system-out/>
</testsuite> <!-- CreateOrgTest.ReadOrgTest -->
